<cas:serviceResponse xmlns:cas='http://www.yale.edu/tp/cas'>
    <cas:authenticationSuccess>
        <cas:user>test</cas:user>
        <!-- Begin Ldap Attributes -->
        <cas:attributes>

            <cas:mail>test.test@test.test</cas:mail>

            <cas:sn>tets</cas:sn>

            <cas:cn>test</cas:cn>

            <cas:successfulAuthenticationHandlers>LdapAuthenticationHandler</cas:successfulAuthenticationHandlers>
            <cas:successfulAuthenticationHandlers>mfa-duo</cas:successfulAuthenticationHandlers>

        </cas:attributes>
        <!-- End Ldap Attributes -->


    </cas:authenticationSuccess>
</cas:serviceResponse>